Active-HDL 9.1.2353.4205  2020-05-23 02:53:23

Elaboration top modules:
Architecture                  SEMAFOR(SEMAFOR)


----------------------------------------------------------------------------------------------
Entity   | Architecture | Library     | Info | Compiler Version         | Compilation Options
----------------------------------------------------------------------------------------------
SEMAFOR  | SEMAFOR      | intersectie |      | 9.1.2353.4205  (Windows) | -O3
----------------------------------------------------------------------------------------------

----------------------------------------------------------------------------------------------
VHDL Package            | Library     | Info | Compiler Version         | Compilation Options
----------------------------------------------------------------------------------------------
standard                | std         |      |                          | <unavailable>
TEXTIO                  | std         |      | 9.1.2353.4205  (Windows) |  -2008
std_logic_1164          | ieee        |      | 9.1.2353.4205  (Windows) |  -2008
std_logic_arith         | ieee        |      | 9.1.2353.4205  (Windows) | 
STD_LOGIC_UNSIGNED      | ieee        |      | 9.1.2353.4205  (Windows) | 
----------------------------------------------------------------------------------------------

----------------------------------------------------------------------------------------------
Library                 | Comment
----------------------------------------------------------------------------------------------
ieee                    | Standard IEEE packages library
intersectie             | None
std                     | Standard VHDL library
----------------------------------------------------------------------------------------------


Simulation Options: asim -O5 +access +r +m+SEMAFOR SEMAFOR SEMAFOR

